# JRE version: OpenJDK Runtime Environment (8.0_222-b10) (build 1.8.0_222-8u222-b10-1ubuntu1~19.04.1-b10)
# Java VM: OpenJDK 64-Bit Server VM (25.222-b10 mixed mode linux-amd64 compressed oops)
Heap:
 PSYoungGen      total 499200K, used 70578K [0x00000000d5580000, 0x0000000100000000, 0x0000000100000000)
  eden space 325120K, 0% used [0x00000000d5580000,0x00000000d5580000,0x00000000e9300000)
  from space 174080K, 40% used [0x00000000e9300000,0x00000000ed7ec8c0,0x00000000f3d00000)
  to   space 199680K, 0% used [0x00000000f3d00000,0x00000000f3d00000,0x0000000100000000)
 ParOldGen       total 609792K, used 609359K [0x0000000080000000, 0x00000000a5380000, 0x00000000d5580000)
  object space 609792K, 99% used [0x0000000080000000,0x00000000a5313c30,0x00000000a5380000)
 Metaspace       used 5988K, capacity 6736K, committed 7040K, reserved 1056768K
  class space    used 557K, capacity 584K, committed 640K, reserved 1048576K
GC Heap History (10 events):
Event: 19.904 GC heap after
Heap after GC invocations=12 (full 1):
 PSYoungGen      total 401920K, used 53241K [0x00000000d5580000, 0x00000000fc500000, 0x0000000100000000)
  eden space 348672K, 0% used [0x00000000d5580000,0x00000000d5580000,0x00000000eaa00000)
  from space 53248K, 99% used [0x00000000eaa00000,0x00000000eddfe788,0x00000000ede00000)
  to   space 116736K, 0% used [0x00000000f5300000,0x00000000f5300000,0x00000000fc500000)
 ParOldGen       total 270848K, used 270586K [0x0000000080000000, 0x0000000090880000, 0x00000000d5580000)
  object space 270848K, 99% used [0x0000000080000000,0x000000009083eaf8,0x0000000090880000)
 Metaspace       used 5956K, capacity 6736K, committed 7040K, reserved 1056768K
  class space    used 555K, capacity 584K, committed 640K, reserved 1048576K
}
Event: 19.904 GC heap before
{Heap before GC invocations=13 (full 2):
 PSYoungGen      total 401920K, used 53241K [0x00000000d5580000, 0x00000000fc500000, 0x0000000100000000)
  eden space 348672K, 0% used [0x00000000d5580000,0x00000000d5580000,0x00000000eaa00000)
  from space 53248K, 99% used [0x00000000eaa00000,0x00000000eddfe788,0x00000000ede00000)
  to   space 116736K, 0% used [0x00000000f5300000,0x00000000f5300000,0x00000000fc500000)
 ParOldGen       total 270848K, used 270586K [0x0000000080000000, 0x0000000090880000, 0x00000000d5580000)
  object space 270848K, 99% used [0x0000000080000000,0x000000009083eaf8,0x0000000090880000)
 Metaspace       used 5956K, capacity 6736K, committed 7040K, reserved 1056768K
  class space    used 555K, capacity 584K, committed 640K, reserved 1048576K
Event: 23.573 GC heap after
Heap after GC invocations=13 (full 2):
 PSYoungGen      total 401920K, used 46965K [0x00000000d5580000, 0x00000000fc500000, 0x0000000100000000)
  eden space 348672K, 0% used [0x00000000d5580000,0x00000000d5580000,0x00000000eaa00000)
  from space 53248K, 88% used [0x00000000eaa00000,0x00000000ed7dd5d8,0x00000000ede00000)
  to   space 116736K, 0% used [0x00000000f5300000,0x00000000f5300000,0x00000000fc500000)
 ParOldGen       total 412672K, used 270770K [0x0000000080000000, 0x0000000099300000, 0x00000000d5580000)
  object space 412672K, 65% used [0x0000000080000000,0x000000009086c920,0x0000000099300000)
 Metaspace       used 5956K, capacity 6736K, committed 7040K, reserved 1056768K
  class space    used 555K, capacity 584K, committed 640K, reserved 1048576K
}
Event: 27.752 GC heap before
{Heap before GC invocations=14 (full 2):
 PSYoungGen      total 401920K, used 395637K [0x00000000d5580000, 0x00000000fc500000, 0x0000000100000000)
  eden space 348672K, 100% used [0x00000000d5580000,0x00000000eaa00000,0x00000000eaa00000)
  from space 53248K, 88% used [0x00000000eaa00000,0x00000000ed7dd5d8,0x00000000ede00000)
  to   space 116736K, 0% used [0x00000000f5300000,0x00000000f5300000,0x00000000fc500000)
 ParOldGen       total 412672K, used 270770K [0x0000000080000000, 0x0000000099300000, 0x00000000d5580000)
  object space 412672K, 65% used [0x0000000080000000,0x000000009086c920,0x0000000099300000)
 Metaspace       used 5958K, capacity 6736K, committed 7040K, reserved 1056768K
  class space    used 555K, capacity 584K, committed 640K, reserved 1048576K
Event: 28.989 GC heap after
Heap after GC invocations=14 (full 2):
 PSYoungGen      total 441856K, used 116713K [0x00000000d5580000, 0x0000000100000000, 0x0000000100000000)
  eden space 325120K, 0% used [0x00000000d5580000,0x00000000d5580000,0x00000000e9300000)
  from space 116736K, 99% used [0x00000000f5300000,0x00000000fc4fa4f0,0x00000000fc500000)
  to   space 186880K, 0% used [0x00000000e9300000,0x00000000e9300000,0x00000000f4980000)
 ParOldGen       total 412672K, used 399805K [0x0000000080000000, 0x0000000099300000, 0x00000000d5580000)
  object space 412672K, 96% used [0x0000000080000000,0x000000009866f6e8,0x0000000099300000)
 Metaspace       used 5958K, capacity 6736K, committed 7040K, reserved 1056768K
  class space    used 555K, capacity 584K, committed 640K, reserved 1048576K
}
Event: 28.989 GC heap before
{Heap before GC invocations=15 (full 3):
 PSYoungGen      total 441856K, used 116713K [0x00000000d5580000, 0x0000000100000000, 0x0000000100000000)
  eden space 325120K, 0% used [0x00000000d5580000,0x00000000d5580000,0x00000000e9300000)
  from space 116736K, 99% used [0x00000000f5300000,0x00000000fc4fa4f0,0x00000000fc500000)
  to   space 186880K, 0% used [0x00000000e9300000,0x00000000e9300000,0x00000000f4980000)
 ParOldGen       total 412672K, used 399805K [0x0000000080000000, 0x0000000099300000, 0x00000000d5580000)
  object space 412672K, 96% used [0x0000000080000000,0x000000009866f6e8,0x0000000099300000)
 Metaspace       used 5958K, capacity 6736K, committed 7040K, reserved 1056768K
  class space    used 555K, capacity 584K, committed 640K, reserved 1048576K
Event: 34.379 GC heap after
Heap after GC invocations=15 (full 3):
 PSYoungGen      total 441856K, used 98059K [0x00000000d5580000, 0x0000000100000000, 0x0000000100000000)
  eden space 325120K, 0% used [0x00000000d5580000,0x00000000d5580000,0x00000000e9300000)
  from space 116736K, 84% used [0x00000000f5300000,0x00000000fb2c2f40,0x00000000fc500000)
  to   space 186880K, 0% used [0x00000000e9300000,0x00000000e9300000,0x00000000f4980000)
 ParOldGen       total 609792K, used 412475K [0x0000000080000000, 0x00000000a5380000, 0x00000000d5580000)
  object space 609792K, 67% used [0x0000000080000000,0x00000000992ced78,0x00000000a5380000)
 Metaspace       used 5958K, capacity 6736K, committed 7040K, reserved 1056768K
  class space    used 555K, capacity 584K, committed 640K, reserved 1048576K
}
Event: 37.676 GC heap before
{Heap before GC invocations=16 (full 3):
 PSYoungGen      total 441856K, used 423179K [0x00000000d5580000, 0x0000000100000000, 0x0000000100000000)
  eden space 325120K, 100% used [0x00000000d5580000,0x00000000e9300000,0x00000000e9300000)
  from space 116736K, 84% used [0x00000000f5300000,0x00000000fb2c2f40,0x00000000fc500000)
  to   space 186880K, 0% used [0x00000000e9300000,0x00000000e9300000,0x00000000f4980000)
 ParOldGen       total 609792K, used 412475K [0x0000000080000000, 0x00000000a5380000, 0x00000000d5580000)
  object space 609792K, 67% used [0x0000000080000000,0x00000000992ced78,0x00000000a5380000)
 Metaspace       used 5988K, capacity 6736K, committed 7040K, reserved 1056768K
  class space    used 557K, capacity 584K, committed 640K, reserved 1048576K
Event: 38.763 GC heap after
Heap after GC invocations=16 (full 3):
 PSYoungGen      total 499200K, used 173924K [0x00000000d5580000, 0x0000000100000000, 0x0000000100000000)
  eden space 325120K, 0% used [0x00000000d5580000,0x00000000d5580000,0x00000000e9300000)
  from space 174080K, 99% used [0x00000000e9300000,0x00000000f3cd9270,0x00000000f3d00000)
  to   space 199680K, 0% used [0x00000000f3d00000,0x00000000f3d00000,0x0000000100000000)
 ParOldGen       total 609792K, used 511429K [0x0000000080000000, 0x00000000a5380000, 0x00000000d5580000)
  object space 609792K, 83% used [0x0000000080000000,0x000000009f371750,0x00000000a5380000)
 Metaspace       used 5988K, capacity 6736K, committed 7040K, reserved 1056768K
  class space    used 557K, capacity 584K, committed 640K, reserved 1048576K
}
Event: 38.763 GC heap before
{Heap before GC invocations=17 (full 4):
 PSYoungGen      total 499200K, used 173924K [0x00000000d5580000, 0x0000000100000000, 0x0000000100000000)
  eden space 325120K, 0% used [0x00000000d5580000,0x00000000d5580000,0x00000000e9300000)
  from space 174080K, 99% used [0x00000000e9300000,0x00000000f3cd9270,0x00000000f3d00000)
  to   space 199680K, 0% used [0x00000000f3d00000,0x00000000f3d00000,0x0000000100000000)
 ParOldGen       total 609792K, used 511429K [0x0000000080000000, 0x00000000a5380000, 0x00000000d5580000)
  object space 609792K, 83% used [0x0000000080000000,0x000000009f371750,0x00000000a5380000)
 Metaspace       used 5988K, capacity 6736K, committed 7040K, reserved 1056768K
  class space    used 557K, capacity 584K, committed 640K, reserved 1048576K

