# JRE version: OpenJDK Runtime Environment (8.0_222-b10) (build 1.8.0_222-8u222-b10-1ubuntu1~19.04.1-b10)
# Java VM: OpenJDK 64-Bit Server VM (25.222-b10 mixed mode linux-amd64 compressed oops)
Heap:
 PSYoungGen      total 465920K, used 77476K [0x00000000d5580000, 0x0000000100000000, 0x0000000100000000)
  eden space 232960K, 0% used [0x00000000d5580000,0x00000000d5580000,0x00000000e3900000)
  from space 232960K, 33% used [0x00000000e3900000,0x00000000e84a9240,0x00000000f1c80000)
  to   space 232960K, 0% used [0x00000000f1c80000,0x00000000f1c80000,0x0000000100000000)
 ParOldGen       total 855040K, used 854971K [0x0000000080000000, 0x00000000b4300000, 0x00000000d5580000)
  object space 855040K, 99% used [0x0000000080000000,0x00000000b42eefb0,0x00000000b4300000)
 Metaspace       used 6105K, capacity 6800K, committed 7040K, reserved 1056768K
  class space    used 564K, capacity 584K, committed 640K, reserved 1048576K
GC Heap History (10 events):
Event: 31.827 GC heap after
Heap after GC invocations=15 (full 3):
 PSYoungGen      total 442368K, used 99074K [0x00000000d5580000, 0x0000000100000000, 0x0000000100000000)
  eden space 326144K, 0% used [0x00000000d5580000,0x00000000d5580000,0x00000000e9400000)
  from space 116224K, 85% used [0x00000000f5000000,0x00000000fb0c0b48,0x00000000fc180000)
  to   space 186368K, 0% used [0x00000000e9400000,0x00000000e9400000,0x00000000f4a00000)
 ParOldGen       total 606208K, used 408648K [0x0000000080000000, 0x00000000a5000000, 0x00000000d5580000)
  object space 606208K, 67% used [0x0000000080000000,0x0000000098f12270,0x00000000a5000000)
 Metaspace       used 5974K, capacity 6736K, committed 7040K, reserved 1056768K
  class space    used 556K, capacity 584K, committed 640K, reserved 1048576K
}
Event: 34.691 GC heap before
{Heap before GC invocations=16 (full 3):
 PSYoungGen      total 442368K, used 425218K [0x00000000d5580000, 0x0000000100000000, 0x0000000100000000)
  eden space 326144K, 100% used [0x00000000d5580000,0x00000000e9400000,0x00000000e9400000)
  from space 116224K, 85% used [0x00000000f5000000,0x00000000fb0c0b48,0x00000000fc180000)
  to   space 186368K, 0% used [0x00000000e9400000,0x00000000e9400000,0x00000000f4a00000)
 ParOldGen       total 606208K, used 408648K [0x0000000080000000, 0x00000000a5000000, 0x00000000d5580000)
  object space 606208K, 67% used [0x0000000080000000,0x0000000098f12270,0x00000000a5000000)
 Metaspace       used 5977K, capacity 6736K, committed 7040K, reserved 1056768K
  class space    used 556K, capacity 584K, committed 640K, reserved 1048576K
Event: 35.759 GC heap after
Heap after GC invocations=16 (full 3):
 PSYoungGen      total 500736K, used 174193K [0x00000000d5580000, 0x0000000100000000, 0x0000000100000000)
  eden space 326144K, 0% used [0x00000000d5580000,0x00000000d5580000,0x00000000e9400000)
  from space 174592K, 99% used [0x00000000e9400000,0x00000000f3e1c5a0,0x00000000f3e80000)
  to   space 198144K, 0% used [0x00000000f3e80000,0x00000000f3e80000,0x0000000100000000)
 ParOldGen       total 606208K, used 508613K [0x0000000080000000, 0x00000000a5000000, 0x00000000d5580000)
  object space 606208K, 83% used [0x0000000080000000,0x000000009f0b1490,0x00000000a5000000)
 Metaspace       used 5977K, capacity 6736K, committed 7040K, reserved 1056768K
  class space    used 556K, capacity 584K, committed 640K, reserved 1048576K
}
Event: 35.759 GC heap before
{Heap before GC invocations=17 (full 4):
 PSYoungGen      total 500736K, used 174193K [0x00000000d5580000, 0x0000000100000000, 0x0000000100000000)
  eden space 326144K, 0% used [0x00000000d5580000,0x00000000d5580000,0x00000000e9400000)
  from space 174592K, 99% used [0x00000000e9400000,0x00000000f3e1c5a0,0x00000000f3e80000)
  to   space 198144K, 0% used [0x00000000f3e80000,0x00000000f3e80000,0x0000000100000000)
 ParOldGen       total 606208K, used 508613K [0x0000000080000000, 0x00000000a5000000, 0x00000000d5580000)
  object space 606208K, 83% used [0x0000000080000000,0x000000009f0b1490,0x00000000a5000000)
 Metaspace       used 5977K, capacity 6736K, committed 7040K, reserved 1056768K
  class space    used 556K, capacity 584K, committed 640K, reserved 1048576K
Event: 40.988 GC heap after
Heap after GC invocations=17 (full 4):
 PSYoungGen      total 500736K, used 71371K [0x00000000d5580000, 0x0000000100000000, 0x0000000100000000)
  eden space 326144K, 0% used [0x00000000d5580000,0x00000000d5580000,0x00000000e9400000)
  from space 174592K, 40% used [0x00000000e9400000,0x00000000ed9b2dc8,0x00000000f3e80000)
  to   space 198144K, 0% used [0x00000000f3e80000,0x00000000f3e80000,0x0000000100000000)
 ParOldGen       total 855040K, used 606136K [0x0000000080000000, 0x00000000b4300000, 0x00000000d5580000)
  object space 855040K, 70% used [0x0000000080000000,0x00000000a4fee310,0x00000000b4300000)
 Metaspace       used 5977K, capacity 6736K, committed 7040K, reserved 1056768K
  class space    used 556K, capacity 584K, committed 640K, reserved 1048576K
}
Event: 45.331 GC heap before
{Heap before GC invocations=18 (full 4):
 PSYoungGen      total 500736K, used 397515K [0x00000000d5580000, 0x0000000100000000, 0x0000000100000000)
  eden space 326144K, 100% used [0x00000000d5580000,0x00000000e9400000,0x00000000e9400000)
  from space 174592K, 40% used [0x00000000e9400000,0x00000000ed9b2dc8,0x00000000f3e80000)
  to   space 198144K, 0% used [0x00000000f3e80000,0x00000000f3e80000,0x0000000100000000)
 ParOldGen       total 855040K, used 606136K [0x0000000080000000, 0x00000000b4300000, 0x00000000d5580000)
  object space 855040K, 70% used [0x0000000080000000,0x00000000a4fee310,0x00000000b4300000)
 Metaspace       used 6104K, capacity 6800K, committed 7040K, reserved 1056768K
  class space    used 564K, capacity 584K, committed 640K, reserved 1048576K
Event: 46.393 GC heap after
Heap after GC invocations=18 (full 4):
 PSYoungGen      total 431104K, used 198143K [0x00000000d5580000, 0x0000000100000000, 0x0000000100000000)
  eden space 232960K, 0% used [0x00000000d5580000,0x00000000d5580000,0x00000000e3900000)
  from space 198144K, 99% used [0x00000000f3e80000,0x00000000fffffdc8,0x0000000100000000)
  to   space 232960K, 0% used [0x00000000e3900000,0x00000000e3900000,0x00000000f1c80000)
 ParOldGen       total 855040K, used 640111K [0x0000000080000000, 0x00000000b4300000, 0x00000000d5580000)
  object space 855040K, 74% used [0x0000000080000000,0x00000000a711bc88,0x00000000b4300000)
 Metaspace       used 6104K, capacity 6800K, committed 7040K, reserved 1056768K
  class space    used 564K, capacity 584K, committed 640K, reserved 1048576K
}
Event: 48.717 GC heap before
{Heap before GC invocations=19 (full 4):
 PSYoungGen      total 431104K, used 431103K [0x00000000d5580000, 0x0000000100000000, 0x0000000100000000)
  eden space 232960K, 100% used [0x00000000d5580000,0x00000000e3900000,0x00000000e3900000)
  from space 198144K, 99% used [0x00000000f3e80000,0x00000000fffffdc8,0x0000000100000000)
  to   space 232960K, 0% used [0x00000000e3900000,0x00000000e3900000,0x00000000f1c80000)
 ParOldGen       total 855040K, used 640111K [0x0000000080000000, 0x00000000b4300000, 0x00000000d5580000)
  object space 855040K, 74% used [0x0000000080000000,0x00000000a711bc88,0x00000000b4300000)
 Metaspace       used 6105K, capacity 6800K, committed 7040K, reserved 1056768K
  class space    used 564K, capacity 584K, committed 640K, reserved 1048576K
Event: 49.774 GC heap after
Heap after GC invocations=19 (full 4):
 PSYoungGen      total 465920K, used 107848K [0x00000000d5580000, 0x0000000100000000, 0x0000000100000000)
  eden space 232960K, 0% used [0x00000000d5580000,0x00000000d5580000,0x00000000e3900000)
  from space 232960K, 46% used [0x00000000e3900000,0x00000000ea252160,0x00000000f1c80000)
  to   space 232960K, 0% used [0x00000000f1c80000,0x00000000f1c80000,0x0000000100000000)
 ParOldGen       total 855040K, used 838641K [0x0000000080000000, 0x00000000b4300000, 0x00000000d5580000)
  object space 855040K, 98% used [0x0000000080000000,0x00000000b32fc488,0x00000000b4300000)
 Metaspace       used 6105K, capacity 6800K, committed 7040K, reserved 1056768K
  class space    used 564K, capacity 584K, committed 640K, reserved 1048576K
}
Event: 49.775 GC heap before
{Heap before GC invocations=20 (full 5):
 PSYoungGen      total 465920K, used 107848K [0x00000000d5580000, 0x0000000100000000, 0x0000000100000000)
  eden space 232960K, 0% used [0x00000000d5580000,0x00000000d5580000,0x00000000e3900000)
  from space 232960K, 46% used [0x00000000e3900000,0x00000000ea252160,0x00000000f1c80000)
  to   space 232960K, 0% used [0x00000000f1c80000,0x00000000f1c80000,0x0000000100000000)
 ParOldGen       total 855040K, used 838641K [0x0000000080000000, 0x00000000b4300000, 0x00000000d5580000)
  object space 855040K, 98% used [0x0000000080000000,0x00000000b32fc488,0x00000000b4300000)
 Metaspace       used 6105K, capacity 6800K, committed 7040K, reserved 1056768K
  class space    used 564K, capacity 584K, committed 640K, reserved 1048576K

